<?xml version="1.0" encoding="UTF-8"?>
<!-- Generated by org.testng.reporters.JUnitReportReporter -->
<testsuite hostname="IN-MU-LT-J27150" name="com.travelex.automation.api.duedil.RTSScreeningAPI" tests="2" failures="0" timestamp="13 Mar 2019 06:45:22 GMT" time="46.733" errors="0">
  <testcase name="duedilScreeningApiTest" time="45.659" classname="com.travelex.automation.api.duedil.RTSScreeningAPI"/>
  <testcase name="duedilScreeningApiTest" time="1.074" classname="com.travelex.automation.api.duedil.RTSScreeningAPI"/>
</testsuite> <!-- com.travelex.automation.api.duedil.RTSScreeningAPI -->
