<?xml version="1.0" encoding="UTF-8"?>
<!-- Generated by org.testng.reporters.JUnitReportReporter -->
<testsuite hostname="IN-MU-LT-J34648" name="com.travelex.automation.api.duedil.ActimizeWLFAPI" tests="1" failures="0" timestamp="24 May 2018 10:16:20 GMT" time="0.022" errors="0">
  <testcase name="duedilScreeningApiTest" time="0.022" classname="com.travelex.automation.api.duedil.ActimizeWLFAPI"/>
</testsuite> <!-- com.travelex.automation.api.duedil.ActimizeWLFAPI -->
