<?xml version="1.0" encoding="UTF-8"?>
<!-- Generated by org.testng.reporters.JUnitReportReporter -->
<testsuite hostname="IN-MU-LT-J27266" name="com.travelex.automation.api.wnp.SoapOriginAPI" tests="1" failures="0" timestamp="22 Mar 2017 07:49:08 GMT" time="122.990" errors="0">
  <testcase name="originApiTest" time="122.990" classname="com.travelex.automation.api.wnp.SoapOriginAPI"/>
</testsuite> <!-- com.travelex.automation.api.wnp.SoapOriginAPI -->
