<?xml version="1.0" encoding="UTF-8"?>
<!-- Generated by org.testng.reporters.JUnitReportReporter -->
<testsuite hostname="IN-MU-LT-J34648" name="com.travelex.automation.api.duedil.DuedilScreeningAPI" tests="5" failures="0" timestamp="14 Mar 2018 11:17:01 GMT" time="10.736" errors="0">
  <testcase name="duedilScreeningApiTest" time="1.371" classname="com.travelex.automation.api.duedil.DuedilScreeningAPI"/>
  <testcase name="duedilScreeningApiTest" time="2.050" classname="com.travelex.automation.api.duedil.DuedilScreeningAPI"/>
  <testcase name="duedilScreeningApiTest" time="3.976" classname="com.travelex.automation.api.duedil.DuedilScreeningAPI"/>
  <testcase name="duedilScreeningApiTest" time="1.837" classname="com.travelex.automation.api.duedil.DuedilScreeningAPI"/>
  <testcase name="duedilScreeningApiTest" time="1.502" classname="com.travelex.automation.api.duedil.DuedilScreeningAPI"/>
</testsuite> <!-- com.travelex.automation.api.duedil.DuedilScreeningAPI -->
